
Welcome to SEQCSim, the Space-Efficient Quantum Computer SIMulator.
	(C++ console version)
By Michael P. Frank, Uwe Meyer-Baese, Irinel Chiorescu, and Liviu Oniciuc.
Copyright (C) 2008-2009 Florida State University Board of Trustees.
 	All rights reserved.


SEQCSim::run(): Initial state is 7->00010001<-0 (8 bits) ==> (1 + i*0).
SEQCSim::Bohm_step_forwards(): (tPC=0)
   The new current state is 7->00011001<-0 (8 bits) ==> (0.707107 + i*0).
SEQCSim::Bohm_step_forwards(): (tPC=1)
   The new current state is 7->00011001<-0 (8 bits) ==> (0.707107 + i*0).
SEQCSim::Bohm_step_forwards(): (tPC=2)
   The new current state is 7->00011001<-0 (8 bits) ==> (0.707107 + i*0).
SEQCSim::Bohm_step_forwards(): (tPC=3)
   The new current state is 7->00011001<-0 (8 bits) ==> (0.653281 + i*0.270598).
SEQCSim::Bohm_step_forwards(): (tPC=4)
   The new current state is 7->00011001<-0 (8 bits) ==> (0.46194 + i*0.191342).
SEQCSim::Bohm_step_forwards(): (tPC=5)
   The new current state is 7->00011001<-0 (8 bits) ==> (0.46194 + i*0.191342).
SEQCSim::Bohm_step_forwards(): (tPC=6)
   The new current state is 7->00011001<-0 (8 bits) ==> (0.46194 + i*0.191342).
SEQCSim::Bohm_step_forwards(): (tPC=7)
   The new current state is 7->00011011<-0 (8 bits) ==> (0.326641 + i*0.135299).
SEQCSim::Bohm_step_forwards(): (tPC=8)
   The new current state is 7->00011011<-0 (8 bits) ==> (-0.135299 + i*0.326641).
SEQCSim::Bohm_step_forwards(): (tPC=9)
   The new current state is 7->00011011<-0 (8 bits) ==> (0.0956709 + i*-0.23097).
SEQCSim::Bohm_step_forwards(): (tPC=10)
   The new current state is 7->00011011<-0 (8 bits) ==> (0.0956709 + i*-0.23097).
SEQCSim::Bohm_step_forwards(): (tPC=11)
   The new current state is 7->00011011<-0 (8 bits) ==> (0.0956709 + i*-0.23097).
SEQCSim::Bohm_step_forwards(): (tPC=12)
   The new current state is 7->00011011<-0 (8 bits) ==> (0.0956709 + i*-0.23097).
SEQCSim::Bohm_step_forwards(): (tPC=13)
   The new current state is 7->00011011<-0 (8 bits) ==> (-0.0956709 + i*0.23097).
SEQCSim::Bohm_step_forwards(): (tPC=14)
   The new current state is 7->00011011<-0 (8 bits) ==> (-0.0956709 + i*0.23097).
SEQCSim::Bohm_step_forwards(): (tPC=15)
   The new current state is 7->00011011<-0 (8 bits) ==> (-0.0956709 + i*0.23097).
SEQCSim::Bohm_step_forwards(): (tPC=16)
   The new current state is 7->00011011<-0 (8 bits) ==> (-0.23097 + i*-0.0956709).
SEQCSim::Bohm_step_forwards(): (tPC=17)
   The new current state is 7->00011011<-0 (8 bits) ==> (-0.23097 + i*-0.0956709).
SEQCSim::Bohm_step_forwards(): (tPC=18)
   The new current state is 7->00011011<-0 (8 bits) ==> (-0.23097 + i*-0.0956709).
SEQCSim::Bohm_step_forwards(): (tPC=19)
   The new current state is 7->00011011<-0 (8 bits) ==> (-0.176777 + i*-0.176777).
SEQCSim::Bohm_step_forwards(): (tPC=20)
   The new current state is 7->00011010<-0 (8 bits) ==> (-0.25 + i*-0.25).
SEQCSim::Bohm_step_forwards(): (tPC=21)
   The new current state is 7->00011010<-0 (8 bits) ==> (-0.25 + i*-0.25).
SEQCSim::Bohm_step_forwards(): (tPC=22)
   The new current state is 7->00011010<-0 (8 bits) ==> (0.353553 + i*0.353553).
SEQCSim::Bohm_step_forwards(): (tPC=23)
   The new current state is 7->00011010<-0 (8 bits) ==> (0.353553 + i*0.353553).
SEQCSim::Bohm_step_forwards(): (tPC=24)
   The new current state is 7->00011010<-0 (8 bits) ==> (0.353553 + i*0.353553).
SEQCSim::Bohm_step_forwards(): (tPC=25)
   The new current state is 7->00011010<-0 (8 bits) ==> (0.5 + i*0.5).
SEQCSim::Bohm_step_forwards(): (tPC=26)
   The new current state is 7->00011010<-0 (8 bits) ==> (0.5 + i*0.5).
SEQCSim::Bohm_step_forwards(): (tPC=27)
   The new current state is 7->00011010<-0 (8 bits) ==> (0.707107 + i*0).
SEQCSim::Bohm_step_forwards(): (tPC=28)
   The new current state is 7->00011010<-0 (8 bits) ==> (0.707107 + i*0).
SEQCSim::Bohm_step_forwards(): (tPC=29)
   The new current state is 7->00010010<-0 (8 bits) ==> (1 + i*0).
SEQCSim::done(): The PC value 30 is >= the number of operations 30.
	We are done!
Press enter to exit.
